<?xml version="1.0" encoding="UTF-8"?>
<!-- Generated by org.testng.reporters.JUnitXMLReporter -->
<testsuite ignored="0" hostname="ASISH" failures="0" tests="6" name="medicare001" time="42.669" errors="0" timestamp="2023-11-15T14:27:49 IST">
  <testcase classname="com.medicare.testpages.MedicarePageTest" name="User_Registration" time="24.756"/>
  <testcase classname="com.medicare.testpages.MedicarePageTest" name="User_Login" time="4.608"/>
  <testcase classname="com.medicare.testpages.MedicarePageTest" name="Add_To_Cart" time="4.151"/>
  <testcase classname="com.medicare.testpages.MedicarePageTest" name="Place_Order" time="8.367"/>
  <testcase classname="com.medicare.testpages.MedicarePageTest" name="Search_Product" time="0.337"/>
  <testcase classname="com.medicare.testpages.MedicarePageTest" name="Filter_Product" time="0.276"/>
</testsuite> <!-- medicare001 -->
