<?xml version="1.0" encoding="UTF-8"?>
<testng-results ignored="0" total="1" passed="1" failed="0" skipped="0">
  <reporter-output>
  </reporter-output>
  <suite started-at="2023-11-15T12:09:34 IST" name="Default suite" finished-at="2023-11-15T12:09:36 IST" duration-ms="2365">
    <groups>
    </groups>
    <test started-at="2023-11-15T12:09:34 IST" name="Default test" finished-at="2023-11-15T12:09:36 IST" duration-ms="2365">
      <class name="com.medicare.test.Script006DeleteProduct">
        <test-method signature="delete_product()[pri:0, instance:com.medicare.test.Script006DeleteProduct@3527942a]" started-at="2023-11-15T12:09:34 IST" name="delete_product" finished-at="2023-11-15T12:09:36 IST" duration-ms="2294" status="PASS">
          <reporter-output>
          </reporter-output>
        </test-method> <!-- delete_product -->
      </class> <!-- com.medicare.test.Script006DeleteProduct -->
    </test> <!-- Default test -->
  </suite> <!-- Default suite -->
</testng-results>
