<?xml version="1.0" encoding="UTF-8"?>
<testng-results ignored="0" total="6" passed="6" failed="0" skipped="0">
  <reporter-output>
  </reporter-output>
  <suite started-at="2023-11-15T14:27:06 IST" name="MedicareTest" finished-at="2023-11-15T14:27:49 IST" duration-ms="42669">
    <groups>
    </groups>
    <test started-at="2023-11-15T14:27:06 IST" name="medicare001" finished-at="2023-11-15T14:27:49 IST" duration-ms="42669">
      <class name="com.medicare.testpages.MedicarePageTest">
        <test-method is-config="true" signature="InitalizeExtentReport()[pri:0, instance:com.medicare.testpages.MedicarePageTest@480d3575]" started-at="2023-11-15T14:27:02 IST" name="InitalizeExtentReport" finished-at="2023-11-15T14:27:03 IST" duration-ms="312" status="PASS">
          <reporter-output>
          </reporter-output>
        </test-method> <!-- InitalizeExtentReport -->
        <test-method is-config="true" signature="Open_Browser(org.testng.ITestContext)[pri:0, instance:com.medicare.testpages.MedicarePageTest@480d3575]" started-at="2023-11-15T14:27:03 IST" name="Open_Browser" finished-at="2023-11-15T14:27:06 IST" duration-ms="3668" status="PASS">
          <params>
            <param index="0">
              <value>
                <![CDATA[org.testng.TestRunner@5d3b58ca]]>
              </value>
            </param>
          </params>
          <reporter-output>
          </reporter-output>
        </test-method> <!-- Open_Browser -->
        <test-method signature="User_Registration()[pri:1, instance:com.medicare.testpages.MedicarePageTest@480d3575]" started-at="2023-11-15T14:27:06 IST" name="User_Registration" finished-at="2023-11-15T14:27:31 IST" duration-ms="24756" status="PASS">
          <reporter-output>
          </reporter-output>
        </test-method> <!-- User_Registration -->
        <test-method is-config="true" signature="generateTestStatus(java.lang.reflect.Method,org.testng.ITestResult)[pri:0, instance:com.medicare.testpages.MedicarePageTest@480d3575]" started-at="2023-11-15T14:27:31 IST" name="generateTestStatus" finished-at="2023-11-15T14:27:31 IST" duration-ms="12" status="PASS">
          <params>
            <param index="0">
              <value>
                <![CDATA[public void com.medicare.testpages.MedicarePageTest.User_Registration() throws java.lang.InterruptedException]]>
              </value>
            </param>
            <param index="1">
              <value>
                <![CDATA[[TestResult name=User_Registration status=SUCCESS method=MedicarePageTest.User_Registration()[pri:1, instance:com.medicare.testpages.MedicarePageTest@480d3575] output={null}]]]>
              </value>
            </param>
          </params>
          <reporter-output>
          </reporter-output>
        </test-method> <!-- generateTestStatus -->
        <test-method signature="User_Login()[pri:2, instance:com.medicare.testpages.MedicarePageTest@480d3575]" started-at="2023-11-15T14:27:31 IST" name="User_Login" finished-at="2023-11-15T14:27:36 IST" duration-ms="4608" status="PASS">
          <reporter-output>
          </reporter-output>
        </test-method> <!-- User_Login -->
        <test-method is-config="true" signature="generateTestStatus(java.lang.reflect.Method,org.testng.ITestResult)[pri:0, instance:com.medicare.testpages.MedicarePageTest@480d3575]" started-at="2023-11-15T14:27:36 IST" name="generateTestStatus" finished-at="2023-11-15T14:27:36 IST" duration-ms="2" status="PASS">
          <params>
            <param index="0">
              <value>
                <![CDATA[public void com.medicare.testpages.MedicarePageTest.User_Login() throws java.lang.InterruptedException]]>
              </value>
            </param>
            <param index="1">
              <value>
                <![CDATA[[TestResult name=User_Login status=SUCCESS method=MedicarePageTest.User_Login()[pri:2, instance:com.medicare.testpages.MedicarePageTest@480d3575] output={null}]]]>
              </value>
            </param>
          </params>
          <reporter-output>
          </reporter-output>
        </test-method> <!-- generateTestStatus -->
        <test-method signature="Add_To_Cart()[pri:3, instance:com.medicare.testpages.MedicarePageTest@480d3575]" started-at="2023-11-15T14:27:36 IST" name="Add_To_Cart" finished-at="2023-11-15T14:27:40 IST" duration-ms="4151" status="PASS">
          <reporter-output>
          </reporter-output>
        </test-method> <!-- Add_To_Cart -->
        <test-method is-config="true" signature="generateTestStatus(java.lang.reflect.Method,org.testng.ITestResult)[pri:0, instance:com.medicare.testpages.MedicarePageTest@480d3575]" started-at="2023-11-15T14:27:40 IST" name="generateTestStatus" finished-at="2023-11-15T14:27:40 IST" duration-ms="1" status="PASS">
          <params>
            <param index="0">
              <value>
                <![CDATA[public void com.medicare.testpages.MedicarePageTest.Add_To_Cart() throws java.lang.InterruptedException]]>
              </value>
            </param>
            <param index="1">
              <value>
                <![CDATA[[TestResult name=Add_To_Cart status=SUCCESS method=MedicarePageTest.Add_To_Cart()[pri:3, instance:com.medicare.testpages.MedicarePageTest@480d3575] output={null}]]]>
              </value>
            </param>
          </params>
          <reporter-output>
          </reporter-output>
        </test-method> <!-- generateTestStatus -->
        <test-method signature="Place_Order()[pri:4, instance:com.medicare.testpages.MedicarePageTest@480d3575]" started-at="2023-11-15T14:27:40 IST" name="Place_Order" finished-at="2023-11-15T14:27:48 IST" duration-ms="8367" status="PASS">
          <reporter-output>
          </reporter-output>
        </test-method> <!-- Place_Order -->
        <test-method is-config="true" signature="generateTestStatus(java.lang.reflect.Method,org.testng.ITestResult)[pri:0, instance:com.medicare.testpages.MedicarePageTest@480d3575]" started-at="2023-11-15T14:27:48 IST" name="generateTestStatus" finished-at="2023-11-15T14:27:48 IST" duration-ms="1" status="PASS">
          <params>
            <param index="0">
              <value>
                <![CDATA[public void com.medicare.testpages.MedicarePageTest.Place_Order() throws java.lang.InterruptedException]]>
              </value>
            </param>
            <param index="1">
              <value>
                <![CDATA[[TestResult name=Place_Order status=SUCCESS method=MedicarePageTest.Place_Order()[pri:4, instance:com.medicare.testpages.MedicarePageTest@480d3575] output={null}]]]>
              </value>
            </param>
          </params>
          <reporter-output>
          </reporter-output>
        </test-method> <!-- generateTestStatus -->
        <test-method signature="Search_Product()[pri:5, instance:com.medicare.testpages.MedicarePageTest@480d3575]" started-at="2023-11-15T14:27:48 IST" name="Search_Product" finished-at="2023-11-15T14:27:49 IST" duration-ms="337" status="PASS">
          <reporter-output>
          </reporter-output>
        </test-method> <!-- Search_Product -->
        <test-method is-config="true" signature="generateTestStatus(java.lang.reflect.Method,org.testng.ITestResult)[pri:0, instance:com.medicare.testpages.MedicarePageTest@480d3575]" started-at="2023-11-15T14:27:49 IST" name="generateTestStatus" finished-at="2023-11-15T14:27:49 IST" duration-ms="2" status="PASS">
          <params>
            <param index="0">
              <value>
                <![CDATA[public void com.medicare.testpages.MedicarePageTest.Search_Product()]]>
              </value>
            </param>
            <param index="1">
              <value>
                <![CDATA[[TestResult name=Search_Product status=SUCCESS method=MedicarePageTest.Search_Product()[pri:5, instance:com.medicare.testpages.MedicarePageTest@480d3575] output={null}]]]>
              </value>
            </param>
          </params>
          <reporter-output>
          </reporter-output>
        </test-method> <!-- generateTestStatus -->
        <test-method signature="Filter_Product()[pri:6, instance:com.medicare.testpages.MedicarePageTest@480d3575]" started-at="2023-11-15T14:27:49 IST" name="Filter_Product" finished-at="2023-11-15T14:27:49 IST" duration-ms="276" status="PASS">
          <reporter-output>
          </reporter-output>
        </test-method> <!-- Filter_Product -->
        <test-method is-config="true" signature="generateTestStatus(java.lang.reflect.Method,org.testng.ITestResult)[pri:0, instance:com.medicare.testpages.MedicarePageTest@480d3575]" started-at="2023-11-15T14:27:49 IST" name="generateTestStatus" finished-at="2023-11-15T14:27:49 IST" duration-ms="0" status="PASS">
          <params>
            <param index="0">
              <value>
                <![CDATA[public void com.medicare.testpages.MedicarePageTest.Filter_Product()]]>
              </value>
            </param>
            <param index="1">
              <value>
                <![CDATA[[TestResult name=Filter_Product status=SUCCESS method=MedicarePageTest.Filter_Product()[pri:6, instance:com.medicare.testpages.MedicarePageTest@480d3575] output={null}]]]>
              </value>
            </param>
          </params>
          <reporter-output>
          </reporter-output>
        </test-method> <!-- generateTestStatus -->
        <test-method is-config="true" signature="close_Browser()[pri:0, instance:com.medicare.testpages.MedicarePageTest@480d3575]" started-at="2023-11-15T14:27:49 IST" name="close_Browser" finished-at="2023-11-15T14:27:51 IST" duration-ms="2358" status="PASS">
          <reporter-output>
          </reporter-output>
        </test-method> <!-- close_Browser -->
        <test-method is-config="true" signature="generateReports()[pri:0, instance:com.medicare.testpages.MedicarePageTest@480d3575]" started-at="2023-11-15T14:27:51 IST" name="generateReports" finished-at="2023-11-15T14:27:52 IST" duration-ms="837" status="PASS">
          <reporter-output>
          </reporter-output>
        </test-method> <!-- generateReports -->
      </class> <!-- com.medicare.testpages.MedicarePageTest -->
    </test> <!-- medicare001 -->
  </suite> <!-- MedicareTest -->
</testng-results>
